Flow report for AC4
Fri Dec 01 15:04:55 2023
Quartus II 32-bit Version 13.1.0 Build 162 10/23/2013 SJ Web Edition


---------------------
; Table of Contents ;
---------------------
  1. Legal Notice
  2. Flow Summary
  3. Flow Settings
  4. Flow Non-Default Global Settings
  5. Flow Elapsed Time
  6. Flow OS Summary
  7. Flow Log
  8. Flow Messages
  9. Flow Suppressed Messages



----------------
; Legal Notice ;
----------------
Copyright (C) 1991-2013 Altera Corporation
Your use of Altera Corporation's design tools, logic functions 
and other software and tools, and its AMPP partner logic 
functions, and any output files from any of the foregoing 
(including device programming or simulation files), and any 
associated documentation or information are expressly subject 
to the terms and conditions of the Altera Program License 
Subscription Agreement, Altera MegaCore Function License 
Agreement, or other applicable license agreement, including, 
without limitation, that your use is for the sole purpose of 
programming logic devices manufactured by Altera and sold by 
Altera or its authorized distributors.  Please refer to the 
applicable agreement for further details.



+---------------------------------------------------------------------------------+
; Flow Summary                                                                    ;
+------------------------------------+--------------------------------------------+
; Flow Status                        ; Successful - Fri Dec 01 15:04:55 2023      ;
; Quartus II 32-bit Version          ; 13.1.0 Build 162 10/23/2013 SJ Web Edition ;
; Revision Name                      ; AC4                                        ;
; Top-level Entity Name              ; AC4                                        ;
; Family                             ; Cyclone IV E                               ;
; Device                             ; EP4CE115F29C7                              ;
; Timing Models                      ; Final                                      ;
; Total logic elements               ; 12 / 114,480 ( < 1 % )                     ;
;     Total combinational functions  ; 12 / 114,480 ( < 1 % )                     ;
;     Dedicated logic registers      ; 7 / 114,480 ( < 1 % )                      ;
; Total registers                    ; 7                                          ;
; Total pins                         ; 13 / 529 ( 2 % )                           ;
; Total virtual pins                 ; 0                                          ;
; Total memory bits                  ; 0 / 3,981,312 ( 0 % )                      ;
; Embedded Multiplier 9-bit elements ; 0 / 532 ( 0 % )                            ;
; Total PLLs                         ; 0 / 4 ( 0 % )                              ;
+------------------------------------+--------------------------------------------+


+-----------------------------------------+
; Flow Settings                           ;
+-------------------+---------------------+
; Option            ; Setting             ;
+-------------------+---------------------+
; Start date & time ; 12/01/2023 15:04:24 ;
; Main task         ; Compilation         ;
; Revision Name     ; AC4                 ;
+-------------------+---------------------+


+---------------------------------------------------------------------------------------------------------------------------------------------------------+
; Flow Non-Default Global Settings                                                                                                                        ;
+----------------------------------------------+-----------------------------------------------------------+---------------+-------------+----------------+
; Assignment Name                              ; Value                                                     ; Default Value ; Entity Name ; Section Id     ;
+----------------------------------------------+-----------------------------------------------------------+---------------+-------------+----------------+
; ADV_NETLIST_OPT_SYNTH_WYSIWYG_REMAP          ; On                                                        ; Off           ; --          ; --             ;
; AUTO_PACKED_REGISTERS_STRATIXII              ; Normal                                                    ; Auto          ; --          ; --             ;
; COMPILER_SIGNATURE_ID                        ; 8796758436427.170141426402304                             ; --            ; --          ; --             ;
; CYCLONEII_OPTIMIZATION_TECHNIQUE             ; Speed                                                     ; Balanced      ; --          ; --             ;
; EDA_GENERATE_FUNCTIONAL_NETLIST              ; On                                                        ; --            ; --          ; eda_simulation ;
; EDA_NETLIST_WRITER_OUTPUT_DIR                ; C:/altera/13.1/Lab2/Lab2_2/simulation/qsim/               ; --            ; --          ; eda_simulation ;
; EDA_OUTPUT_DATA_FORMAT                       ; Verilog Hdl                                               ; --            ; --          ; eda_simulation ;
; EDA_SIMULATION_TOOL                          ; ModelSim-Altera (Verilog)                                 ; <None>        ; --          ; --             ;
; ENABLE_DRC_SETTINGS                          ; On                                                        ; Off           ; --          ; --             ;
; FITTER_EFFORT                                ; Standard Fit                                              ; Auto Fit      ; --          ; --             ;
; MAX_CORE_JUNCTION_TEMP                       ; 85                                                        ; --            ; --          ; --             ;
; MIN_CORE_JUNCTION_TEMP                       ; 0                                                         ; --            ; --          ; --             ;
; MUX_RESTRUCTURE                              ; Off                                                       ; Auto          ; --          ; --             ;
; NOMINAL_CORE_SUPPLY_VOLTAGE                  ; 1.2V                                                      ; --            ; --          ; --             ;
; PARTITION_COLOR                              ; 16764057                                                  ; --            ; --          ; Top            ;
; PARTITION_FITTER_PRESERVATION_LEVEL          ; PLACEMENT_AND_ROUTING                                     ; --            ; --          ; Top            ;
; PARTITION_NETLIST_TYPE                       ; SOURCE                                                    ; --            ; --          ; Top            ;
; PHYSICAL_SYNTHESIS_COMBO_LOGIC               ; On                                                        ; Off           ; --          ; --             ;
; PHYSICAL_SYNTHESIS_REGISTER_DUPLICATION      ; On                                                        ; Off           ; --          ; --             ;
; PHYSICAL_SYNTHESIS_REGISTER_RETIMING         ; On                                                        ; Off           ; --          ; --             ;
; PROJECT_OUTPUT_DIRECTORY                     ; output_files                                              ; --            ; --          ; --             ;
; ROUTER_CLOCKING_TOPOLOGY_ANALYSIS            ; On                                                        ; Off           ; --          ; --             ;
; ROUTER_LCELL_INSERTION_AND_LOGIC_DUPLICATION ; On                                                        ; Auto          ; --          ; --             ;
; ROUTER_TIMING_OPTIMIZATION_LEVEL             ; MAXIMUM                                                   ; Normal        ; --          ; --             ;
; SEARCH_PATH                                  ; c:\altera\13.1\lab2\lab2_2\ntuee_logicdesign_lib\elements ; --            ; --          ; --             ;
; SMART_RECOMPILE                              ; On                                                        ; Off           ; --          ; --             ;
+----------------------------------------------+-----------------------------------------------------------+---------------+-------------+----------------+


+-------------------------------------------------------------------------------------------------------------------------------+
; Flow Elapsed Time                                                                                                             ;
+---------------------------+--------------+-------------------------+---------------------+------------------------------------+
; Module Name               ; Elapsed Time ; Average Processors Used ; Peak Virtual Memory ; Total CPU Time (on all processors) ;
+---------------------------+--------------+-------------------------+---------------------+------------------------------------+
; Analysis & Synthesis      ; 00:00:01     ; 1.0                     ; 487 MB              ; 00:00:01                           ;
; Fitter                    ; 00:00:18     ; 3.7                     ; 883 MB              ; 00:00:21                           ;
; Assembler                 ; 00:00:04     ; 1.0                     ; 384 MB              ; 00:00:04                           ;
; TimeQuest Timing Analyzer ; 00:00:02     ; 1.0                     ; 461 MB              ; 00:00:02                           ;
; Design Assistant          ; 00:00:00     ; 1.0                     ; 344 MB              ; 00:00:00                           ;
; EDA Netlist Writer        ; 00:00:01     ; 1.0                     ; 327 MB              ; 00:00:00                           ;
; Total                     ; 00:00:26     ; --                      ; --                  ; 00:00:28                           ;
+---------------------------+--------------+-------------------------+---------------------+------------------------------------+


+----------------------------------------------------------------------------------------+
; Flow OS Summary                                                                        ;
+---------------------------+------------------+-----------+------------+----------------+
; Module Name               ; Machine Hostname ; OS Name   ; OS Version ; Processor type ;
+---------------------------+------------------+-----------+------------+----------------+
; Analysis & Synthesis      ; SCLD-user-PC     ; Windows 7 ; 6.1        ; i686           ;
; Fitter                    ; SCLD-user-PC     ; Windows 7 ; 6.1        ; i686           ;
; Assembler                 ; SCLD-user-PC     ; Windows 7 ; 6.1        ; i686           ;
; TimeQuest Timing Analyzer ; SCLD-user-PC     ; Windows 7 ; 6.1        ; i686           ;
; Design Assistant          ; SCLD-user-PC     ; Windows 7 ; 6.1        ; i686           ;
; EDA Netlist Writer        ; SCLD-user-PC     ; Windows 7 ; 6.1        ; i686           ;
+---------------------------+------------------+-----------+------------+----------------+


------------
; Flow Log ;
------------
quartus_map --read_settings_files=on --write_settings_files=off AC4 -c AC4
quartus_fit --read_settings_files=off --write_settings_files=off AC4 -c AC4
quartus_asm --read_settings_files=off --write_settings_files=off AC4 -c AC4
quartus_sta AC4 -c AC4
quartus_drc --read_settings_files=off --write_settings_files=off AC4 -c AC4
quartus_eda --read_settings_files=off --write_settings_files=off AC4 -c AC4



